Qflow placement logfile created on ث أبر 3 07:19:29 EET 2018
Running blif2cel to generate input files for graywolf
blif2cel.tcl --blif /home/auc/work/samples/6502/synthesis/cpu.blif --lef /usr/local/share/qflow/tech/osu035/osu035_stdcells.lef --cel /home/auc/work/samples/6502/layout/cpu.cel
Opened BLIF file (/home/auc/work/samples/6502/synthesis/cpu.blif) for reading ...
Opened CEL file (/home/auc/work/samples/6502/layout/cpu.cel) for writing...
Loaded /usr/local/share/qflow/tech/osu035/osu035_stdcells.lef file for reading...
1st pass of blif file /home/auc/work/samples/6502/synthesis/cpu.blif. . .
Reading macros and/or technology data from LEF file. . .
LEF file specifies route layer Y pitch as 2
LEF file specifies route layer X pitch as 1.6
Parsing macro AND2X2
Parsing macro AOI21X1
Parsing macro AOI22X1
Parsing macro BUFX2
Parsing macro BUFX4
Parsing macro NOR3X1
Parsing macro DFFPOSX1
Parsing macro INVX1
Parsing macro INVX2
Parsing macro INVX4
Parsing macro INVX8
Parsing macro NAND2X1
Parsing macro NAND3X1
Parsing macro NOR2X1
Parsing macro OAI21X1
Parsing macro OAI22X1
Parsing macro OR2X2
Parsing macro XOR2X1
Parsing macro MUX2X1
Parsing macro XNOR2X1
Parsing macro DFFSR
2nd pass of blif file. . .
3rd pass of blif file. . .
Done!
No cpu.cel2 file found for project. . . continuing without pin placement hints
Running GrayWolf placement
graywolf  cpu

twflow version:2.1 date:Mon May 25 21:15:08 EDT 1992
Authors: Bill Swartz, Carl Sechen
         Yale University

syntax version:v1.1 date:Mon May 25 21:11:10 EDT 1992
TimberWolf System Syntax Checker
Authors: Carl Sechen, Kai-Win Lee, Bill Swartz,
         Dahe Chen, and Jimmy Lam
         Yale University

Read   50 objects so far...
Read  100 objects so far...
Read  150 objects so far...
Read  200 objects so far...
Read  250 objects so far...
Read  300 objects so far...
Read  350 objects so far...
Read  400 objects so far...
Read  450 objects so far...
Read  500 objects so far...
Read  550 objects so far...
Read  600 objects so far...
Read  650 objects so far...
Read  700 objects so far...
Read  750 objects so far...
Read  800 objects so far...
Read  850 objects so far...
Read  900 objects so far...
Read  950 objects so far...
Read 1000 objects so far...
Read 1050 objects so far...
Read 1100 objects so far...
Read 1150 objects so far...
Read 1200 objects so far...
Read 1250 objects so far...
Read 1300 objects so far...
Read 1350 objects so far...
Read 1400 objects so far...
Read 1450 objects so far...
Read 1500 objects so far...
Read 1550 objects so far...
Read 1600 objects so far...
Read 1650 objects so far...
Read 1700 objects so far...
Read 1750 objects so far...
Read 1800 objects so far...
Read 1850 objects so far...
Read 1900 objects so far...
Read 1950 objects so far...
Read 2000 objects so far...
Read 2050 objects so far...
Read 2100 objects so far...
No syntax errors were found

syntax terminated normally with no errors and 0 warning[s]


----------------------------
Total stdcells     :2084
Total cell width   :1.41e+06
Total cell height  :4.17e+06
Total cell area    :2.82e+09
Total core area    :2.82e+09
Average cell height:2.00e+03


nocut - replacement for Mincut version:v1.0 date:Mon May 25 21:09:40 EDT 1992
TimberWolf System Floorplan Setup Program
Authors: Carl Sechen, Bill Swartz,
         Yale University

Read   50 objects so far...
Read  100 objects so far...
Read  150 objects so far...
Read  200 objects so far...
Read  250 objects so far...
Read  300 objects so far...
Read  350 objects so far...
Read  400 objects so far...
Read  450 objects so far...
Read  500 objects so far...
Read  550 objects so far...
Read  600 objects so far...
Read  650 objects so far...
Read  700 objects so far...
Read  750 objects so far...
Read  800 objects so far...
Read  850 objects so far...
Read  900 objects so far...
Read  950 objects so far...
Read 1000 objects so far...
Read 1050 objects so far...
Read 1100 objects so far...
Read 1150 objects so far...
Read 1200 objects so far...
Read 1250 objects so far...
Read 1300 objects so far...
Read 1350 objects so far...
Read 1400 objects so far...
Read 1450 objects so far...
Read 1500 objects so far...
Read 1550 objects so far...
Read 1600 objects so far...
Read 1650 objects so far...
Read 1700 objects so far...
Read 1750 objects so far...
Read 1800 objects so far...
Read 1850 objects so far...
Read 1900 objects so far...
Read 1950 objects so far...
Read 2000 objects so far...
Read 2050 objects so far...
Read 2100 objects so far...
Splitting cpu.cel into cpu.scel and cpu.mcel...
	done!


nocut - replacement for Mincut terminated normally with no errors and 0 warning[s]


TimberWolfMC version:v2.2 date:Mon May 25 21:18:34 EDT 1992
Authors: Carl Sechen, Bill Swartz, Kai-Win Lee
         Dahe Chen, and Jimmy Lam
         Yale University

config version:v1.0 date:Mon May 25 20:57:18 EDT 1992
Row configuration program
    Yale University


config switches:
	Graphics mode on
	config will inherit window



config terminated normally with no errors and 0 warning[s]


TimberWolfMC terminated normally with no errors and 0 warning[s]



TimberWolfSC switches:
	Graphics mode on
	TimberWolfSC will inherit window

TimberWolfSC version:v6.0 date:Mon May 25 21:19:07 EDT 1992
Row-Based Placement and Global Routing Program
Authors: Carl Sechen, Kai-Win Lee, and Bill Swartz,
         Yale University
  0 
  1   2   3   4   5   6   7   8   9  10  11  12  13  14  15 
 16  17  18  19  20  21  22  23  24  25  26  27  28  29  30 
 31  32  33  34  35  36  37  38  39  40  41  42  43  44  45 
 46  47  48  49  50  51  52  53  54  55  56  57  58  59  60 
 61  62  63  64  65  66  67  68  69  70  71  72  73  74  75 
 76  77  78  79  80  81  82  83  84  85  86  87  88  89  90 
 91  92  93  94  95  96  97  98  99 100 101 102 103 104 105 
106 107 108 109 110 111 112 113 114 115 116 117 118 119 120 
121 122 123 124 125 126 127 128 129 130 131 132 133 134 135 
136 137 138 139 140 141 142 143 144 145 146 147 148 149 150 
151 152 153 154 155 156 157 158 
 block left edge is at -399
 the longest block length is 62080
 building the steiner trees
 rebuilding the steiner tree

----start doing coarse global routing ------ 
 ITERATION  1

  longest Row is:3   Its length is:61440
 doing feed-through pins assignment
 building the net-tree now !
 set up the global routing grids
 the starting value of tracks =  363
 tracks = 339 at attempts =  1000
 tracks = 334 at attempts =  2000
 tracks = 328 at attempts =  3000
 tracks = 326 at attempts =  4000
 tracks = 324 at attempts =  5000
 tracks = 323 at attempts =  6000
 tracks = 322 at attempts =  7000
 tracks = 320 at attempts =  8000
 tracks = 320 at attempts =  9000
 tracks = 320 at attempts = 10000
 tracks = 319 at attempts = 11000
 tracks = 319 at attempts = 12000
 tracks = 319 at attempts = 13000
 tracks = 319 at attempts = 14000
 tracks = 319 at attempts = 15000
 tracks = 319 at attempts = 16000
 tracks = 319 at attempts = 17000
 tracks = 319 at attempts = 18000
 tracks = 319 at attempts = 19000
 tracks = 319 at attempts = 20000
 tracks = 319 at attempts = 21000
 tracks = 319 at attempts = 22000
 tracks = 319 at attempts = 23000
 tracks = 319 at attempts = 24000
 tracks = 319 at attempts = 25000
 tracks = 319 at attempts = 26000
 tracks = 319 at attempts = 27000
 tracks = 319 at attempts = 28000
 tracks = 319 at attempts = 29000
 tracks = 319 at attempts = 30000
 tracks = 319 at attempts = 31000
 tracks = 319 at attempts = 32000
 tracks = 319 at attempts = 33000
 tracks = 319 at attempts = 34000
 tracks = 319 at attempts = 35000
 tracks = 319 at attempts = 36000
 tracks = 319 at attempts = 37000
 tracks = 319 at attempts = 38000
 tracks = 319 at attempts = 39000
 tracks = 319 at attempts = 40000
 tracks = 319 at attempts = 41000
 tracks = 319 at attempts = 42000
 tracks = 319 at attempts = 43000
 tracks = 319 at attempts = 44000
 tracks = 319 at attempts = 45000
 tracks = 319 at attempts = 46000
 tracks = 319 at attempts = 47000
 tracks = 319 at attempts = 48000
 tracks = 319 at attempts = 49000
 tracks = 319 at attempts = 50000
 tracks = 319 at attempts = 51000
 tracks = 319 at attempts = 52000
 removing redundant feed-through pins
 the connectivity of all the nets is verified

 block left edge is at -399
 the longest block length is 62080
 building the steiner trees
 rebuilding the steiner tree

----start doing coarse global routing ------ 
 ITERATION  1

  longest Row is:3   Its length is:61440
 doing feed-through pins assignment
 building the net-tree now !
 set up the global routing grids
 the starting value of tracks =  365
 tracks = 349 at attempts =  1000
 tracks = 339 at attempts =  2000
 tracks = 334 at attempts =  3000
 tracks = 331 at attempts =  4000
 tracks = 328 at attempts =  5000
 tracks = 326 at attempts =  6000
 tracks = 325 at attempts =  7000
 tracks = 325 at attempts =  8000
 tracks = 324 at attempts =  9000
 tracks = 324 at attempts = 10000
 tracks = 323 at attempts = 11000
 tracks = 322 at attempts = 12000
 tracks = 322 at attempts = 13000
 tracks = 322 at attempts = 14000
 tracks = 322 at attempts = 15000
 tracks = 322 at attempts = 16000
 tracks = 322 at attempts = 17000
 tracks = 322 at attempts = 18000
 tracks = 322 at attempts = 19000
 tracks = 322 at attempts = 20000
 tracks = 322 at attempts = 21000
 tracks = 322 at attempts = 22000
 tracks = 322 at attempts = 23000
 tracks = 322 at attempts = 24000
 tracks = 322 at attempts = 25000
 tracks = 322 at attempts = 26000
 tracks = 322 at attempts = 27000
 tracks = 322 at attempts = 28000
 tracks = 322 at attempts = 29000
 tracks = 322 at attempts = 30000
 tracks = 322 at attempts = 31000
 tracks = 322 at attempts = 32000
 tracks = 322 at attempts = 33000
 tracks = 322 at attempts = 34000
 tracks = 322 at attempts = 35000
 tracks = 322 at attempts = 36000
 tracks = 322 at attempts = 37000
 tracks = 322 at attempts = 38000
 tracks = 322 at attempts = 39000
 tracks = 322 at attempts = 40000
 tracks = 322 at attempts = 41000
 tracks = 322 at attempts = 42000
 tracks = 322 at attempts = 43000
 tracks = 322 at attempts = 44000
 tracks = 322 at attempts = 45000
 tracks = 322 at attempts = 46000
 tracks = 322 at attempts = 47000
 tracks = 322 at attempts = 48000
 tracks = 322 at attempts = 49000
 tracks = 322 at attempts = 50000
 tracks = 322 at attempts = 51000
 tracks = 322 at attempts = 52000
 removing redundant feed-through pins
 the connectivity of all the nets is verified

 block left edge is at -399
 the longest block length is 62080
 building the steiner trees
 rebuilding the steiner tree

----start doing coarse global routing ------ 
 ITERATION  1

  longest Row is:3   Its length is:61440
 doing feed-through pins assignment
 building the net-tree now !
 set up the global routing grids
 the starting value of tracks =  366
 tracks = 353 at attempts =  1000
 tracks = 341 at attempts =  2000
 tracks = 336 at attempts =  3000
 tracks = 332 at attempts =  4000
 tracks = 324 at attempts =  5000
 tracks = 322 at attempts =  6000
 tracks = 322 at attempts =  7000
 tracks = 319 at attempts =  8000
 tracks = 319 at attempts =  9000
 tracks = 319 at attempts = 10000
 tracks = 318 at attempts = 11000
 tracks = 318 at attempts = 12000
 tracks = 318 at attempts = 13000
 tracks = 318 at attempts = 14000
 tracks = 318 at attempts = 15000
 tracks = 318 at attempts = 16000
 tracks = 318 at attempts = 17000
 tracks = 318 at attempts = 18000
 tracks = 318 at attempts = 19000
 tracks = 318 at attempts = 20000
 tracks = 318 at attempts = 21000
 tracks = 318 at attempts = 22000
 tracks = 318 at attempts = 23000
 tracks = 318 at attempts = 24000
 tracks = 318 at attempts = 25000
 tracks = 318 at attempts = 26000
 tracks = 318 at attempts = 27000
 tracks = 318 at attempts = 28000
 tracks = 318 at attempts = 29000
 tracks = 318 at attempts = 30000
 tracks = 318 at attempts = 31000
 tracks = 318 at attempts = 32000
 tracks = 318 at attempts = 33000
 tracks = 318 at attempts = 34000
 tracks = 318 at attempts = 35000
 tracks = 318 at attempts = 36000
 tracks = 318 at attempts = 37000
 tracks = 318 at attempts = 38000
 tracks = 318 at attempts = 39000
 tracks = 318 at attempts = 40000
 tracks = 318 at attempts = 41000
 tracks = 318 at attempts = 42000
 tracks = 318 at attempts = 43000
 tracks = 318 at attempts = 44000
 tracks = 318 at attempts = 45000
 tracks = 318 at attempts = 46000
 tracks = 318 at attempts = 47000
 tracks = 318 at attempts = 48000
 tracks = 318 at attempts = 49000
 tracks = 318 at attempts = 50000
 tracks = 318 at attempts = 51000
 tracks = 318 at attempts = 52000
 removing redundant feed-through pins
 the connectivity of all the nets is verified

 block left edge is at -399
 the longest block length is 62080
 building the steiner trees
 rebuilding the steiner tree

----start doing coarse global routing ------ 
 ITERATION  1

  longest Row is:3   Its length is:61440
 doing feed-through pins assignment
 building the net-tree now !
 set up the global routing grids
 the starting value of tracks =  404
 tracks = 402 at attempts =  1000
 tracks = 402 at attempts =  2000
 tracks = 402 at attempts =  3000
 tracks = 402 at attempts =  4000
 tracks = 402 at attempts =  5000
 tracks = 402 at attempts =  6000
 tracks = 402 at attempts =  7000
 tracks = 402 at attempts =  8000
 tracks = 402 at attempts =  9000
 tracks = 402 at attempts = 10000
 tracks = 402 at attempts = 11000
 tracks = 402 at attempts = 12000
 tracks = 402 at attempts = 13000
 tracks = 402 at attempts = 14000
 tracks = 402 at attempts = 15000
 tracks = 402 at attempts = 16000
 tracks = 402 at attempts = 17000
 tracks = 402 at attempts = 18000
 tracks = 402 at attempts = 19000
 tracks = 402 at attempts = 20000
 tracks = 402 at attempts = 21000
 tracks = 402 at attempts = 22000
 tracks = 402 at attempts = 23000
 tracks = 402 at attempts = 24000
 tracks = 402 at attempts = 25000
 tracks = 402 at attempts = 26000
 tracks = 402 at attempts = 27000
 tracks = 402 at attempts = 28000
 tracks = 402 at attempts = 29000
 tracks = 402 at attempts = 30000
 tracks = 402 at attempts = 31000
 tracks = 402 at attempts = 32000
 tracks = 402 at attempts = 33000
 tracks = 402 at attempts = 34000
 tracks = 402 at attempts = 35000
 tracks = 402 at attempts = 36000
 tracks = 402 at attempts = 37000
 tracks = 402 at attempts = 38000
 tracks = 402 at attempts = 39000
 tracks = 402 at attempts = 40000
 tracks = 402 at attempts = 41000
 tracks = 402 at attempts = 42000
 tracks = 402 at attempts = 43000
 tracks = 402 at attempts = 44000
 tracks = 402 at attempts = 45000
 tracks = 402 at attempts = 46000
 tracks = 402 at attempts = 47000
 tracks = 402 at attempts = 48000
 tracks = 402 at attempts = 49000
 tracks = 402 at attempts = 50000
 tracks = 402 at attempts = 51000
 tracks = 402 at attempts = 52000
 removing redundant feed-through pins
 the connectivity of all the nets is verified

 block left edge is at -399
 the longest block length is 62080
 building the steiner trees
 rebuilding the steiner tree

----start doing coarse global routing ------ 
 ITERATION  1

  longest Row is:3   Its length is:61440
 doing feed-through pins assignment
 building the net-tree now !
 set up the global routing grids
 the starting value of tracks =  369
 tracks = 346 at attempts =  1000
 tracks = 335 at attempts =  2000
 tracks = 331 at attempts =  3000
 tracks = 328 at attempts =  4000
 tracks = 324 at attempts =  5000
 tracks = 323 at attempts =  6000
 tracks = 323 at attempts =  7000
 tracks = 320 at attempts =  8000
 tracks = 319 at attempts =  9000
 tracks = 319 at attempts = 10000
 tracks = 319 at attempts = 11000
 tracks = 319 at attempts = 12000
 tracks = 319 at attempts = 13000
 tracks = 318 at attempts = 14000
 tracks = 318 at attempts = 15000
 tracks = 318 at attempts = 16000
 tracks = 318 at attempts = 17000
 tracks = 318 at attempts = 18000
 tracks = 318 at attempts = 19000
 tracks = 318 at attempts = 20000
 tracks = 318 at attempts = 21000
 tracks = 318 at attempts = 22000
 tracks = 317 at attempts = 23000
 tracks = 317 at attempts = 24000
 tracks = 317 at attempts = 25000
 tracks = 316 at attempts = 26000
 tracks = 316 at attempts = 27000
 tracks = 316 at attempts = 28000
 tracks = 316 at attempts = 29000
 tracks = 316 at attempts = 30000
 tracks = 316 at attempts = 31000
 tracks = 316 at attempts = 32000
 tracks = 316 at attempts = 33000
 tracks = 316 at attempts = 34000
 tracks = 316 at attempts = 35000
 tracks = 316 at attempts = 36000
 tracks = 316 at attempts = 37000
 tracks = 316 at attempts = 38000
 tracks = 316 at attempts = 39000
 tracks = 316 at attempts = 40000
 tracks = 316 at attempts = 41000
 tracks = 316 at attempts = 42000
 tracks = 316 at attempts = 43000
 tracks = 316 at attempts = 44000
 tracks = 316 at attempts = 45000
 tracks = 316 at attempts = 46000
 tracks = 316 at attempts = 47000
 tracks = 315 at attempts = 48000
 tracks = 315 at attempts = 49000
 tracks = 315 at attempts = 50000
 tracks = 315 at attempts = 51000
 tracks = 315 at attempts = 52000
 removing redundant feed-through pins
 the connectivity of all the nets is verified

 block left edge is at -399
 the longest block length is 62080
 building the steiner trees
 rebuilding the steiner tree

----start doing coarse global routing ------ 
 ITERATION  1

  longest Row is:3   Its length is:61440
 doing feed-through pins assignment
 building the net-tree now !
 set up the global routing grids
 the starting value of tracks =  361
 tracks = 345 at attempts =  1000
 tracks = 336 at attempts =  2000
 tracks = 330 at attempts =  3000
 tracks = 326 at attempts =  4000
 tracks = 325 at attempts =  5000
 tracks = 324 at attempts =  6000
 tracks = 321 at attempts =  7000
 tracks = 321 at attempts =  8000
 tracks = 320 at attempts =  9000
 tracks = 320 at attempts = 10000
 tracks = 319 at attempts = 11000
 tracks = 319 at attempts = 12000
 tracks = 319 at attempts = 13000
 tracks = 319 at attempts = 14000
 tracks = 319 at attempts = 15000
 tracks = 319 at attempts = 16000
 tracks = 319 at attempts = 17000
 tracks = 319 at attempts = 18000
 tracks = 319 at attempts = 19000
 tracks = 319 at attempts = 20000
 tracks = 319 at attempts = 21000
 tracks = 319 at attempts = 22000
 tracks = 319 at attempts = 23000
 tracks = 319 at attempts = 24000
 tracks = 319 at attempts = 25000
 tracks = 319 at attempts = 26000
 tracks = 319 at attempts = 27000
 tracks = 319 at attempts = 28000
 tracks = 319 at attempts = 29000
 tracks = 319 at attempts = 30000
 tracks = 319 at attempts = 31000
 tracks = 319 at attempts = 32000
 tracks = 319 at attempts = 33000
 tracks = 319 at attempts = 34000
 tracks = 319 at attempts = 35000
 tracks = 319 at attempts = 36000
 tracks = 319 at attempts = 37000
 tracks = 319 at attempts = 38000
 tracks = 319 at attempts = 39000
 tracks = 319 at attempts = 40000
 tracks = 319 at attempts = 41000
 tracks = 319 at attempts = 42000
 tracks = 319 at attempts = 43000
 tracks = 319 at attempts = 44000
 tracks = 319 at attempts = 45000
 tracks = 319 at attempts = 46000
 tracks = 319 at attempts = 47000
 tracks = 319 at attempts = 48000
 tracks = 319 at attempts = 49000
 tracks = 319 at attempts = 50000
 tracks = 319 at attempts = 51000
 tracks = 319 at attempts = 52000
 removing redundant feed-through pins
 the connectivity of all the nets is verified

 block left edge is at -399
 the longest block length is 62080
 building the steiner trees
 rebuilding the steiner tree

----start doing coarse global routing ------ 
 ITERATION  1

  longest Row is:3   Its length is:61440
 doing feed-through pins assignment
 building the net-tree now !
 set up the global routing grids
 the starting value of tracks =  370
 tracks = 343 at attempts =  1000
 tracks = 332 at attempts =  2000
 tracks = 324 at attempts =  3000
 tracks = 323 at attempts =  4000
 tracks = 321 at attempts =  5000
 tracks = 318 at attempts =  6000
 tracks = 318 at attempts =  7000
 tracks = 316 at attempts =  8000
 tracks = 315 at attempts =  9000
 tracks = 315 at attempts = 10000
 tracks = 315 at attempts = 11000
 tracks = 315 at attempts = 12000
 tracks = 315 at attempts = 13000
 tracks = 315 at attempts = 14000
 tracks = 315 at attempts = 15000
 tracks = 315 at attempts = 16000
 tracks = 315 at attempts = 17000
 tracks = 315 at attempts = 18000
 tracks = 315 at attempts = 19000
 tracks = 315 at attempts = 20000
 tracks = 315 at attempts = 21000
 tracks = 315 at attempts = 22000
 tracks = 315 at attempts = 23000
 tracks = 315 at attempts = 24000
 tracks = 314 at attempts = 25000
 tracks = 314 at attempts = 26000
 tracks = 314 at attempts = 27000
 tracks = 314 at attempts = 28000
 tracks = 314 at attempts = 29000
 tracks = 314 at attempts = 30000
 tracks = 314 at attempts = 31000
 tracks = 314 at attempts = 32000
 tracks = 314 at attempts = 33000
 tracks = 314 at attempts = 34000
 tracks = 314 at attempts = 35000
 tracks = 314 at attempts = 36000
 tracks = 314 at attempts = 37000
 tracks = 314 at attempts = 38000
 tracks = 314 at attempts = 39000
 tracks = 314 at attempts = 40000
 tracks = 314 at attempts = 41000
 tracks = 314 at attempts = 42000
 tracks = 314 at attempts = 43000
 tracks = 314 at attempts = 44000
 tracks = 314 at attempts = 45000
 tracks = 314 at attempts = 46000
 tracks = 314 at attempts = 47000
 tracks = 314 at attempts = 48000
 tracks = 314 at attempts = 49000
 tracks = 314 at attempts = 50000
 tracks = 314 at attempts = 51000
 tracks = 314 at attempts = 52000
 removing redundant feed-through pins
 the connectivity of all the nets is verified

 block left edge is at -399
 the longest block length is 62080
 building the steiner trees
 rebuilding the steiner tree

----start doing coarse global routing ------ 
 ITERATION  1

  longest Row is:3   Its length is:61440
 doing feed-through pins assignment
 building the net-tree now !
 set up the global routing grids
 the starting value of tracks =  415
 tracks = 414 at attempts =  1000
 tracks = 413 at attempts =  2000
 tracks = 413 at attempts =  3000
 tracks = 413 at attempts =  4000
 tracks = 413 at attempts =  5000
 tracks = 412 at attempts =  6000
 tracks = 412 at attempts =  7000
 tracks = 412 at attempts =  8000
 tracks = 412 at attempts =  9000
 tracks = 412 at attempts = 10000
 tracks = 412 at attempts = 11000
 tracks = 412 at attempts = 12000
 tracks = 412 at attempts = 13000
 tracks = 412 at attempts = 14000
 tracks = 412 at attempts = 15000
 tracks = 412 at attempts = 16000
 tracks = 412 at attempts = 17000
 tracks = 412 at attempts = 18000
 tracks = 412 at attempts = 19000
 tracks = 412 at attempts = 20000
 tracks = 412 at attempts = 21000
 tracks = 412 at attempts = 22000
 tracks = 412 at attempts = 23000
 tracks = 412 at attempts = 24000
 tracks = 412 at attempts = 25000
 tracks = 412 at attempts = 26000
 tracks = 412 at attempts = 27000
 tracks = 412 at attempts = 28000
 tracks = 412 at attempts = 29000
 tracks = 412 at attempts = 30000
 tracks = 412 at attempts = 31000
 tracks = 412 at attempts = 32000
 tracks = 412 at attempts = 33000
 tracks = 412 at attempts = 34000
 tracks = 412 at attempts = 35000
 tracks = 412 at attempts = 36000
 tracks = 412 at attempts = 37000
 tracks = 412 at attempts = 38000
 tracks = 412 at attempts = 39000
 tracks = 412 at attempts = 40000
 tracks = 412 at attempts = 41000
 tracks = 412 at attempts = 42000
 tracks = 412 at attempts = 43000
 tracks = 412 at attempts = 44000
 tracks = 412 at attempts = 45000
 tracks = 412 at attempts = 46000
 tracks = 412 at attempts = 47000
 tracks = 412 at attempts = 48000
 tracks = 412 at attempts = 49000
 tracks = 412 at attempts = 50000
 tracks = 412 at attempts = 51000
 tracks = 412 at attempts = 52000
 removing redundant feed-through pins
 the connectivity of all the nets is verified


***********************************************
*ACTUAL* FINAL NUMBER OF ROUTING TRACKS: 314
***********************************************


TimberWolfSC terminated normally with no errors and 0 warning[s]


twflow terminated normally with no errors and 0 warning[s]

Running getfillcell to determine cell to use for fill.
getfillcell.tcl cpu /usr/local/share/qflow/tech/osu035/osu035_stdcells.lef FILL
Using cell FILL for fill
Running place2def.tcl
DEF database: centimicrons
Limits: xbot = -750.0 ybot = -530.0 xtop = 61041 ytop = 46130.0
Core values: 80.0 100 61520.0 46100
Offsets: 80.0 100
4 routing layers
234 horizontal tracks from -400.0 to 46400.0 step 200 (M1, M3, ...)
388 vertical tracks from -480.0 to 61600.0 step 160.0 (M2, M4, ...)
Done with place2def.tcl
Running addspacers to generate power stripes and align cell right edge
addspacers.tcl -stripe 5 150 PG cpu /usr/local/share/qflow/tech/osu035/osu035_stdcells.lef FILL
Reading FILL macros from LEF file.
Reading DEF file cpu.def. . .
Number of rows is 23
Longest row has width 615.2 um
addspacers:  Inserting 3 stripes of width 4.8 um (5 um requested)
  Pitch 148.8 um, offset 158.4 um
stretch:  Number of components is 2321
Analysis of DEF file:
Number of components = 2084
New number of components = 2321
Number of rows = 23
Stripe width 480 fits 4 M2_M1 at cut width 40.0 separation 60.0
Stripe width 480 fits 4 M3_M2 at cut width 40.0 separation 60.0
Stripe width 480 fits 4 M4_M3 at cut width 40.0 separation 80.0
Adjusting obstructions for power striping
Done with addspacers.tcl
blifanno.tcl /home/auc/work/samples/6502/synthesis/cpu.blif cpu.def /home/auc/work/samples/6502/synthesis/cpu_anno.blif
Running blifanno.tcl
Reading DEF file cpu.def. . .
Done with blifanno.tcl

Generating RTL verilog and SPICE netlist file in directory
   /home/auc/work/samples/6502/synthesis
Files:
   Verilog: /home/auc/work/samples/6502/synthesis/cpu.rtl.v
   Verilog: /home/auc/work/samples/6502/synthesis/cpu.rtlnopwr.v
   Spice:   /home/auc/work/samples/6502/synthesis/cpu.spc

Running blif2Verilog.
Running blif2BSpice.
Placement script ended on ث أبر 3 07:20:52 EET 2018
