Qflow placement logfile created on Tue Aug 14 15:19:20 EET 2018
Running blif2cel.tcl
Opened LEF file (/usr/local/share/qflow/tech/osu035/osu035_stdcells.lef) for reading...
Opened BLIF file (/home/naufal/Documents/auc/ravacancy/rsyn-x/x/demo/designs/timer/timer/synthesis/timer.blif) for reading ...
Opened CEL file (/home/naufal/Documents/auc/ravacancy/rsyn-x/x/demo/designs/timer/timer/layout/timer.cel) for writing...
1st pass of blif file /home/naufal/Documents/auc/ravacancy/rsyn-x/x/demo/designs/timer/timer/synthesis/timer.blif. . .
Reading macros from LEF file. . .
Parsing macro AND2X2
Parsing macro AOI21X1
Parsing macro AOI22X1
Parsing macro BUFX2
Parsing macro BUFX4
Parsing macro NOR3X1
Parsing macro INVX1
Parsing macro INVX2
Parsing macro INVX4
Parsing macro INVX8
Parsing macro NAND2X1
Parsing macro NAND3X1
Parsing macro NOR2X1
Parsing macro OAI21X1
Parsing macro OAI22X1
Parsing macro OR2X2
Parsing macro XNOR2X1
Parsing macro DFFSR
2nd pass of blif file. . .
3rd pass of blif file. . .
Done!
No timer.cel2 file found for project. . . continuing without pin placement hints
Running GrayWolf placement

twflow version:2.1 date:Mon May 25 21:15:08 EDT 1992
Authors: Bill Swartz, Carl Sechen
         Yale University

syntax version:v1.1 date:Mon May 25 21:11:10 EDT 1992
TimberWolf System Syntax Checker
Authors: Carl Sechen, Kai-Win Lee, Bill Swartz,
         Dahe Chen, and Jimmy Lam
         Yale University

Read   50 objects so far...
Read  100 objects so far...
Read  150 objects so far...
Read  200 objects so far...
Read  250 objects so far...
Read  300 objects so far...
Read  350 objects so far...
Read  400 objects so far...
Read  450 objects so far...
Read  500 objects so far...
Read  550 objects so far...
Read  600 objects so far...
Read  650 objects so far...
Read  700 objects so far...
Read  750 objects so far...
Read  800 objects so far...
No syntax errors were found

syntax terminated normally with no errors and 0 warning[s]


----------------------------
Total stdcells     :719
Total cell width   :5.83e+05
Total cell height  :1.44e+06
Total cell area    :1.17e+09
Total core area    :1.17e+09
Average cell height:2.00e+03


nocut - replacement for Mincut version:v1.0 date:Mon May 25 21:09:40 EDT 1992
TimberWolf System Floorplan Setup Program
Authors: Carl Sechen, Bill Swartz,
         Yale University

Read   50 objects so far...
Read  100 objects so far...
Read  150 objects so far...
Read  200 objects so far...
Read  250 objects so far...
Read  300 objects so far...
Read  350 objects so far...
Read  400 objects so far...
Read  450 objects so far...
Read  500 objects so far...
Read  550 objects so far...
Read  600 objects so far...
Read  650 objects so far...
Read  700 objects so far...
Read  750 objects so far...
Read  800 objects so far...
Splitting timer.cel into timer.scel and timer.mcel...
	done!


nocut - replacement for Mincut terminated normally with no errors and 0 warning[s]


TimberWolfMC version:v2.2 date:Mon May 25 21:18:34 EDT 1992
Authors: Carl Sechen, Bill Swartz, Kai-Win Lee
         Dahe Chen, and Jimmy Lam
         Yale University

config version:v1.0 date:Mon May 25 20:57:18 EDT 1992
Row configuration program
    Yale University


config switches:
	Graphics mode on
	config will inherit window



config terminated normally with no errors and 0 warning[s]


TimberWolfMC terminated normally with no errors and 0 warning[s]



TimberWolfSC switches:
	Graphics mode on
	TimberWolfSC will inherit window

TimberWolfSC version:v6.0 date:Mon May 25 21:19:07 EDT 1992
Row-Based Placement and Global Routing Program
Authors: Carl Sechen, Kai-Win Lee, and Bill Swartz,
         Yale University
  0 
  1   2   3   4   5   6   7   8   9  10  11  12  13  14  15 
 16  17  18  19  20  21  22  23  24  25  26  27  28  29  30 
 31  32  33  34  35  36  37  38  39  40  41  42  43  44  45 
 46  47  48  49  50  51  52  53  54  55  56  57  58  59  60 
 61  62  63  64  65  66  67  68  69  70  71  72  73  74  75 
 76  77  78  79  80  81  82  83  84  85  86  87  88  89  90 
 91  92  93  94  95  96  97  98  99 100 101 102 103 104 105 
106 107 108 109 110 111 112 113 114 115 116 117 118 119 120 
121 122 123 124 125 126 127 128 129 130 131 132 133 134 135 
136 137 138 139 140 141 142 143 144 145 146 147 148 149 150 
151 152 153 154 155 156 157 158 
 block left edge is at -399
 the longest block length is 40000
 building the steiner trees
 rebuilding the steiner tree

----start doing coarse global routing ------ 
 ITERATION  1

  longest Row is:6   Its length is:39040
 doing feed-through pins assignment
 building the net-tree now !
 set up the global routing grids
 the starting value of tracks =  184
 tracks = 163 at attempts =  1000
 tracks = 159 at attempts =  2000
 tracks = 159 at attempts =  3000
 tracks = 159 at attempts =  4000
 tracks = 159 at attempts =  5000
 tracks = 159 at attempts =  6000
 tracks = 159 at attempts =  7000
 tracks = 158 at attempts =  8000
 tracks = 158 at attempts =  9000
 tracks = 158 at attempts = 10000
 tracks = 158 at attempts = 11000
 tracks = 157 at attempts = 12000
 tracks = 157 at attempts = 13000
 tracks = 157 at attempts = 14000
 tracks = 157 at attempts = 15000
 tracks = 157 at attempts = 16000
 tracks = 157 at attempts = 17000
 tracks = 157 at attempts = 18000
 tracks = 157 at attempts = 19000
 tracks = 157 at attempts = 20000
 removing redundant feed-through pins
 the connectivity of all the nets is verified

 block left edge is at -399
 the longest block length is 40000
 building the steiner trees
 rebuilding the steiner tree

----start doing coarse global routing ------ 
 ITERATION  1

  longest Row is:6   Its length is:39040
 doing feed-through pins assignment
 building the net-tree now !
 set up the global routing grids
 the starting value of tracks =  180
 tracks = 158 at attempts =  1000
 tracks = 157 at attempts =  2000
 tracks = 155 at attempts =  3000
 tracks = 155 at attempts =  4000
 tracks = 155 at attempts =  5000
 tracks = 155 at attempts =  6000
 tracks = 155 at attempts =  7000
 tracks = 155 at attempts =  8000
 tracks = 155 at attempts =  9000
 tracks = 155 at attempts = 10000
 tracks = 155 at attempts = 11000
 tracks = 155 at attempts = 12000
 tracks = 155 at attempts = 13000
 tracks = 155 at attempts = 14000
 tracks = 155 at attempts = 15000
 tracks = 155 at attempts = 16000
 tracks = 155 at attempts = 17000
 tracks = 155 at attempts = 18000
 tracks = 155 at attempts = 19000
 tracks = 155 at attempts = 20000
 removing redundant feed-through pins
 the connectivity of all the nets is verified

 block left edge is at -399
 the longest block length is 40000
 building the steiner trees
 rebuilding the steiner tree

----start doing coarse global routing ------ 
 ITERATION  1

  longest Row is:6   Its length is:39040
 doing feed-through pins assignment
 building the net-tree now !
 set up the global routing grids
 the starting value of tracks =  176
 tracks = 162 at attempts =  1000
 tracks = 160 at attempts =  2000
 tracks = 157 at attempts =  3000
 tracks = 157 at attempts =  4000
 tracks = 156 at attempts =  5000
 tracks = 156 at attempts =  6000
 tracks = 156 at attempts =  7000
 tracks = 156 at attempts =  8000
 tracks = 156 at attempts =  9000
 tracks = 156 at attempts = 10000
 tracks = 156 at attempts = 11000
 tracks = 156 at attempts = 12000
 tracks = 156 at attempts = 13000
 tracks = 156 at attempts = 14000
 tracks = 156 at attempts = 15000
 tracks = 156 at attempts = 16000
 tracks = 156 at attempts = 17000
 tracks = 156 at attempts = 18000
 tracks = 156 at attempts = 19000
 tracks = 156 at attempts = 20000
 removing redundant feed-through pins
 the connectivity of all the nets is verified

 block left edge is at -399
 the longest block length is 40000
 building the steiner trees
 rebuilding the steiner tree

----start doing coarse global routing ------ 
 ITERATION  1

  longest Row is:6   Its length is:39040
 doing feed-through pins assignment
 building the net-tree now !
 set up the global routing grids
 the starting value of tracks =  222
 tracks = 221 at attempts =  1000
 tracks = 221 at attempts =  2000
 tracks = 221 at attempts =  3000
 tracks = 221 at attempts =  4000
 tracks = 221 at attempts =  5000
 tracks = 221 at attempts =  6000
 tracks = 221 at attempts =  7000
 tracks = 221 at attempts =  8000
 tracks = 221 at attempts =  9000
 tracks = 221 at attempts = 10000
 tracks = 221 at attempts = 11000
 tracks = 221 at attempts = 12000
 tracks = 221 at attempts = 13000
 tracks = 221 at attempts = 14000
 tracks = 221 at attempts = 15000
 tracks = 221 at attempts = 16000
 tracks = 221 at attempts = 17000
 tracks = 221 at attempts = 18000
 tracks = 221 at attempts = 19000
 tracks = 221 at attempts = 20000
 removing redundant feed-through pins
 the connectivity of all the nets is verified

 block left edge is at -399
 the longest block length is 40000
 building the steiner trees
 rebuilding the steiner tree

----start doing coarse global routing ------ 
 ITERATION  1

  longest Row is:6   Its length is:39040
 doing feed-through pins assignment
 building the net-tree now !
 set up the global routing grids
 the starting value of tracks =  177
 tracks = 162 at attempts =  1000
 tracks = 157 at attempts =  2000
 tracks = 157 at attempts =  3000
 tracks = 157 at attempts =  4000
 tracks = 157 at attempts =  5000
 tracks = 156 at attempts =  6000
 tracks = 156 at attempts =  7000
 tracks = 156 at attempts =  8000
 tracks = 156 at attempts =  9000
 tracks = 156 at attempts = 10000
 tracks = 156 at attempts = 11000
 tracks = 156 at attempts = 12000
 tracks = 156 at attempts = 13000
 tracks = 156 at attempts = 14000
 tracks = 156 at attempts = 15000
 tracks = 156 at attempts = 16000
 tracks = 156 at attempts = 17000
 tracks = 156 at attempts = 18000
 tracks = 156 at attempts = 19000
 tracks = 156 at attempts = 20000
 removing redundant feed-through pins
 the connectivity of all the nets is verified

 block left edge is at -399
 the longest block length is 40000
 building the steiner trees
 rebuilding the steiner tree

----start doing coarse global routing ------ 
 ITERATION  1

  longest Row is:6   Its length is:39040
 doing feed-through pins assignment
 building the net-tree now !
 set up the global routing grids
 the starting value of tracks =  181
 tracks = 165 at attempts =  1000
 tracks = 158 at attempts =  2000
 tracks = 157 at attempts =  3000
 tracks = 156 at attempts =  4000
 tracks = 156 at attempts =  5000
 tracks = 156 at attempts =  6000
 tracks = 156 at attempts =  7000
 tracks = 156 at attempts =  8000
 tracks = 156 at attempts =  9000
 tracks = 156 at attempts = 10000
 tracks = 156 at attempts = 11000
 tracks = 156 at attempts = 12000
 tracks = 156 at attempts = 13000
 tracks = 156 at attempts = 14000
 tracks = 156 at attempts = 15000
 tracks = 156 at attempts = 16000
 tracks = 156 at attempts = 17000
 tracks = 156 at attempts = 18000
 tracks = 156 at attempts = 19000
 tracks = 156 at attempts = 20000
 removing redundant feed-through pins
 the connectivity of all the nets is verified

 block left edge is at -399
 the longest block length is 40000
 building the steiner trees
 rebuilding the steiner tree

----start doing coarse global routing ------ 
 ITERATION  1

  longest Row is:6   Its length is:39040
 doing feed-through pins assignment
 building the net-tree now !
 set up the global routing grids
 the starting value of tracks =  183
 tracks = 166 at attempts =  1000
 tracks = 160 at attempts =  2000
 tracks = 159 at attempts =  3000
 tracks = 158 at attempts =  4000
 tracks = 158 at attempts =  5000
 tracks = 157 at attempts =  6000
 tracks = 157 at attempts =  7000
 tracks = 157 at attempts =  8000
 tracks = 157 at attempts =  9000
 tracks = 157 at attempts = 10000
 tracks = 157 at attempts = 11000
 tracks = 157 at attempts = 12000
 tracks = 157 at attempts = 13000
 tracks = 157 at attempts = 14000
 tracks = 157 at attempts = 15000
 tracks = 157 at attempts = 16000
 tracks = 157 at attempts = 17000
 tracks = 157 at attempts = 18000
 tracks = 157 at attempts = 19000
 tracks = 157 at attempts = 20000
 removing redundant feed-through pins
 the connectivity of all the nets is verified

 block left edge is at -399
 the longest block length is 40000
 building the steiner trees
 rebuilding the steiner tree

----start doing coarse global routing ------ 
 ITERATION  1

  longest Row is:6   Its length is:39040
 doing feed-through pins assignment
 building the net-tree now !
 set up the global routing grids
 the starting value of tracks =  224
 tracks = 224 at attempts =  1000
 tracks = 224 at attempts =  2000
 tracks = 224 at attempts =  3000
 tracks = 224 at attempts =  4000
 tracks = 224 at attempts =  5000
 tracks = 224 at attempts =  6000
 tracks = 224 at attempts =  7000
 tracks = 224 at attempts =  8000
 tracks = 224 at attempts =  9000
 tracks = 224 at attempts = 10000
 tracks = 224 at attempts = 11000
 tracks = 224 at attempts = 12000
 tracks = 224 at attempts = 13000
 tracks = 224 at attempts = 14000
 tracks = 224 at attempts = 15000
 tracks = 224 at attempts = 16000
 tracks = 224 at attempts = 17000
 tracks = 224 at attempts = 18000
 tracks = 224 at attempts = 19000
 tracks = 224 at attempts = 20000
 removing redundant feed-through pins
 the connectivity of all the nets is verified


***********************************************
*ACTUAL* FINAL NUMBER OF ROUTING TRACKS: 155
***********************************************


TimberWolfSC terminated normally with no errors and 0 warning[s]


twflow terminated normally with no errors and 0 warning[s]

Running getfillcell.tcl
Using cell FILL for fill
Running place2def.tcl
Limits: xbot = -750.0 ybot = -530.0 xtop = 38990.0 ytop = 30130.0
Core values: 80.0 100 39120.0 30100
Offsets: 80.0 100
4 routing layers
154 horizontal tracks from -400.0 to 30400.0 step 200 (M1, M3, ...)
250 vertical tracks from -480.0 to 39520.0 step 160.0 (M2, M4, ...)
Done with place2def.tcl
Running addspacers.tcl  timer /usr/local/share/qflow/tech/osu035/osu035_stdcells.lef FILL
Running addspacers.tcl
Reading FILL macros from LEF file.
Reading DEF file timer.def. . .
Number of rows is 15
Longest row has width 391.2 um
Analysis of DEF file:
Number of components = 719
New number of components = 734
Number of rows = 15
Done with addspacers.tcl
Running blifanno.tcl
Reading DEF file timer.def. . .
Done with blifanno.tcl

Generating RTL verilog and SPICE netlist file in directory
   /home/naufal/Documents/auc/ravacancy/rsyn-x/x/demo/designs/timer/timer/synthesis
Files:
   Verilog: /home/naufal/Documents/auc/ravacancy/rsyn-x/x/demo/designs/timer/timer/synthesis/timer.rtl.v
   Verilog: /home/naufal/Documents/auc/ravacancy/rsyn-x/x/demo/designs/timer/timer/synthesis/timer.rtlnopwr.v
   Spice:   /home/naufal/Documents/auc/ravacancy/rsyn-x/x/demo/designs/timer/timer/synthesis/timer.spc

Running blif2Verilog.
Running blif2BSpice.
Placement script ended on Tue Aug 14 15:19:36 EET 2018
